<?xml version="1.0" encoding="UTF-8"?>
<!-- Generated by org.testng.reporters.JUnitReportReporter -->
<testsuite hostname="HusseinGadalla" failures="0" tests="3" name="tests.UserLoginTest" time="16.234" errors="0" timestamp="2021-04-13T05:14:39 EET" skipped="0">
  <testcase classname="tests.UserLoginTest" name="verify_user_cantlogin_invalid_invalid_emailformat" time="2.250"/>
  <system-out/>
  <testcase classname="tests.UserLoginTest" name="verify_user_cantlogin__wrong_password" time="4.020"/>
  <system-out/>
  <testcase classname="tests.UserLoginTest" name="verify_user_canlogin_valid_credentials" time="9.964"/>
  <system-out/>
</testsuite> <!-- tests.UserLoginTest -->
