<?xml version="1.0" encoding="UTF-8"?>
<!-- Generated by org.testng.reporters.JUnitReportReporter -->
<testsuite hostname="HusseinGadalla" failures="0" tests="11" name="tests.UserRegisterationTest" time="40.204" errors="0" timestamp="2021-04-13T05:14:39 EET" skipped="0">
  <testcase classname="tests.UserRegisterationTest" name="verify_gender_selection_is_mandatory" time="2.008"/>
  <system-out/>
  <testcase classname="tests.UserRegisterationTest" name="verify_firstname_is_mandatory" time="2.142"/>
  <system-out/>
  <testcase classname="tests.UserRegisterationTest" name="verify_lasttname_is_mandatory" time="2.499"/>
  <system-out/>
  <testcase classname="tests.UserRegisterationTest" name="verify_email_is_mandatory" time="2.287"/>
  <system-out/>
  <testcase classname="tests.UserRegisterationTest" name="verify_email_is_must_be_in_valid_format" time="2.186"/>
  <system-out/>
  <testcase classname="tests.UserRegisterationTest" name="verify_confirm_email_is_mandatory" time="2.182"/>
  <system-out/>
  <testcase classname="tests.UserRegisterationTest" name="verify_email_and_confirm_mail_must_match" time="2.198"/>
  <system-out/>
  <testcase classname="tests.UserRegisterationTest" name="verify_password_is_mandatory" time="2.151"/>
  <system-out/>
  <testcase classname="tests.UserRegisterationTest" name="verify_password_must_be_atleast_6charachters" time="4.840"/>
  <system-out/>
  <testcase classname="tests.UserRegisterationTest" name="verify_recent_date_birth_is_notacceptable" time="2.220"/>
  <system-out/>
  <testcase classname="tests.UserRegisterationTest" name="verify_user_Can_Register_Successfully" time="15.491"/>
  <system-out/>
</testsuite> <!-- tests.UserRegisterationTest -->
